\BOOKMARK [1][-]{section.1}{Preliminary}{}% 1
\BOOKMARK [1][-]{section.2}{Markov Chain Probabilities}{}% 2
\BOOKMARK [2][-]{subsection.2.1}{Markov Chain examples}{section.2}% 3
\BOOKMARK [2][-]{subsection.2.2}{Elementary Computations}{section.2}% 4
\BOOKMARK [2][-]{subsection.2.3}{Recurrence and Transience}{section.2}% 5
\BOOKMARK [2][-]{subsection.2.4}{Communicating States and Irreducibility}{section.2}% 6
\BOOKMARK [1][-]{section.3}{Markov Chain Convergence}{}% 7
\BOOKMARK [2][-]{subsection.3.1}{Stationary Distributions}{section.3}% 8
\BOOKMARK [2][-]{subsection.3.2}{Searching for Stationary}{section.3}% 9
\BOOKMARK [2][-]{subsection.3.3}{Obstacles to Convergence}{section.3}% 10
\BOOKMARK [2][-]{subsection.3.4}{Convergence Theorem}{section.3}% 11
\BOOKMARK [2][-]{subsection.3.5}{Periodic Convergence}{section.3}% 12
\BOOKMARK [2][-]{subsection.3.6}{Application - Markov Chain Monte Carlo Algorithms}{section.3}% 13
\BOOKMARK [2][-]{subsection.3.7}{Application - Random Walks on Graphs}{section.3}% 14
\BOOKMARK [2][-]{subsection.3.8}{Application - Gambler's Ruin}{section.3}% 15
\BOOKMARK [2][-]{subsection.3.9}{Mean Recurrence Times}{section.3}% 16
\BOOKMARK [2][-]{subsection.3.10}{Application - Sequence Waiting Times}{section.3}% 17
\BOOKMARK [1][-]{section.4}{Martingales}{}% 18
\BOOKMARK [2][-]{subsection.4.1}{Martingale Definitions}{section.4}% 19
\BOOKMARK [2][-]{subsection.4.2}{Stopping Times}{section.4}% 20
\BOOKMARK [2][-]{subsection.4.3}{Wald's Theorem}{section.4}% 21
\BOOKMARK [2][-]{subsection.4.4}{Application - Sequence Waiting Times}{section.4}% 22
\BOOKMARK [2][-]{subsection.4.5}{Martingale Convergence Theorem}{section.4}% 23
\BOOKMARK [2][-]{subsection.4.6}{Application - Branching Processes}{section.4}% 24
\BOOKMARK [2][-]{subsection.4.7}{Application - Stock Options \(Discrete\)}{section.4}% 25
\BOOKMARK [1][-]{section.5}{Continuous Processes}{}% 26
\BOOKMARK [2][-]{subsection.5.1}{Brownian Motion}{section.5}% 27
\BOOKMARK [2][-]{subsection.5.2}{Stock Options \(Continuous\)}{section.5}% 28
\BOOKMARK [2][-]{subsection.5.3}{Poisson Processes}{section.5}% 29
