\BOOKMARK [1][-]{section.1}{Raster Images}{}% 1
\BOOKMARK [1][-]{section.2}{Ray Casting}{}% 2
\BOOKMARK [2][-]{subsection.2.1}{General Ray Casting Algorithm}{section.2}% 3
\BOOKMARK [2][-]{subsection.2.2}{Basics}{section.2}% 4
\BOOKMARK [2][-]{subsection.2.3}{Orthographic/perspective projection}{section.2}% 5
\BOOKMARK [2][-]{subsection.2.4}{Ray-Object Intersection}{section.2}% 6
\BOOKMARK [3][-]{subsubsection.2.4.1}{Plane}{subsection.2.4}% 7
\BOOKMARK [3][-]{subsubsection.2.4.2}{Sphere}{subsection.2.4}% 8
\BOOKMARK [3][-]{subsubsection.2.4.3}{Triangle}{subsection.2.4}% 9
\BOOKMARK [1][-]{section.3}{Ray Tracing}{}% 10
\BOOKMARK [2][-]{subsection.3.1}{General Ray Tracing Algorithm}{section.3}% 11
\BOOKMARK [2][-]{subsection.3.2}{Image-order vs Object-order rendering}{section.3}% 12
\BOOKMARK [2][-]{subsection.3.3}{Two types of lights}{section.3}% 13
\BOOKMARK [2][-]{subsection.3.4}{Shading }{section.3}% 14
\BOOKMARK [3][-]{subsubsection.3.4.1}{Lambertian Shading}{subsection.3.4}% 15
\BOOKMARK [3][-]{subsubsection.3.4.2}{Blinn-Phong Shading}{subsection.3.4}% 16
\BOOKMARK [3][-]{subsubsection.3.4.3}{Ambient Shading}{subsection.3.4}% 17
\BOOKMARK [3][-]{subsubsection.3.4.4}{Multiple Point Lights}{subsection.3.4}% 18
\BOOKMARK [2][-]{subsection.3.5}{A Ray-Tracing Program}{section.3}% 19
\BOOKMARK [2][-]{subsection.3.6}{Shadows}{section.3}% 20
\BOOKMARK [2][-]{subsection.3.7}{Ideal Specular Reflection}{section.3}% 21
\BOOKMARK [1][-]{section.4}{Bounding Volume Hierachy}{}% 22
\BOOKMARK [2][-]{subsection.4.1}{Two types of subdivisions}{section.4}% 23
\BOOKMARK [2][-]{subsection.4.2}{Bounding Boxes}{section.4}% 24
\BOOKMARK [2][-]{subsection.4.3}{Axis-Aligned Bounding Boxes Tree \(AABB Tree\)}{section.4}% 25
\BOOKMARK [2][-]{subsection.4.4}{Object-Oriented Bounding Box \(OOBB\)}{section.4}% 26
\BOOKMARK [2][-]{subsection.4.5}{Uniform Spatial Subdivision}{section.4}% 27
\BOOKMARK [2][-]{subsection.4.6}{Axis-Aligned Binary Space Partitioning \(BSP Trees\)}{section.4}% 28
\BOOKMARK [1][-]{section.5}{Triangle Meshes}{}% 29
\BOOKMARK [2][-]{subsection.5.1}{Mesh Topology}{section.5}% 30
\BOOKMARK [2][-]{subsection.5.2}{Indexed Mesh Storage}{section.5}% 31
\BOOKMARK [2][-]{subsection.5.3}{Triangle Strips and Fans}{section.5}% 32
\BOOKMARK [2][-]{subsection.5.4}{Data Structures for Mesh Connectivity}{section.5}% 33
\BOOKMARK [3][-]{subsubsection.5.4.1}{The Triangle-Neighbor Structure}{subsection.5.4}% 34
\BOOKMARK [2][-]{subsection.5.5}{The Winged-Edge Structure}{section.5}% 35
\BOOKMARK [2][-]{subsection.5.6}{The Half-Edge Structure}{section.5}% 36
\BOOKMARK [2][-]{subsection.5.7}{Different types of normals}{section.5}% 37
\BOOKMARK [2][-]{subsection.5.8}{Catmull-Clark subdivision algorithm}{section.5}% 38
\BOOKMARK [1][-]{section.6}{Shader Pipeline}{}% 39
\BOOKMARK [2][-]{subsection.6.1}{Rasterization}{section.6}% 40
\BOOKMARK [3][-]{subsubsection.6.1.1}{Triangle Rasterization}{subsection.6.1}% 41
\BOOKMARK [2][-]{subsection.6.2}{Operations Before and After Rasterization}{section.6}% 42
\BOOKMARK [3][-]{subsubsection.6.2.1}{Vertex-processing stage}{subsection.6.2}% 43
\BOOKMARK [3][-]{subsubsection.6.2.2}{Fragment processing stage}{subsection.6.2}% 44
\BOOKMARK [3][-]{subsubsection.6.2.3}{Blending stage}{subsection.6.2}% 45
\BOOKMARK [1][-]{section.7}{Kinematics}{}% 46
\BOOKMARK [1][-]{section.8}{Mass-Spring Systems}{}% 47
\BOOKMARK [2][-]{subsection.8.1}{Bones}{section.8}% 48
\BOOKMARK [2][-]{subsection.8.2}{Forward Kinematics}{section.8}% 49
\BOOKMARK [2][-]{subsection.8.3}{Keyframe animation}{section.8}% 50
\BOOKMARK [2][-]{subsection.8.4}{Inverse Kinematics}{section.8}% 51
\BOOKMARK [2][-]{subsection.8.5}{Projected Gradient Descent}{section.8}% 52
\BOOKMARK [2][-]{subsection.8.6}{Line Search}{section.8}% 53
\BOOKMARK [1][-]{section.9}{Computational Fabrication}{}% 54
