\BOOKMARK [1][-]{section.1}{Real Numbers}{}% 1
\BOOKMARK [2][-]{subsection.1.1}{Discussion: The Irrationality of 2}{section.1}% 2
\BOOKMARK [2][-]{subsection.1.2}{Preliminaries}{section.1}% 3
\BOOKMARK [2][-]{subsection.1.3}{The axiom of completeness}{section.1}% 4
\BOOKMARK [2][-]{subsection.1.4}{Consequences of Completeness}{section.1}% 5
\BOOKMARK [2][-]{subsection.1.5}{Cardinality}{section.1}% 6
\BOOKMARK [3][-]{subsubsection.1.5.1}{1-1 Correspondence}{subsection.1.5}% 7
\BOOKMARK [3][-]{subsubsection.1.5.2}{Countable Sets}{subsection.1.5}% 8
\BOOKMARK [2][-]{subsection.1.6}{Cantor's Theorem}{section.1}% 9
\BOOKMARK [1][-]{section.2}{Metric Spaces and the Baire Category Theorem}{}% 10
\BOOKMARK [2][-]{subsection.2.1}{Basic Definitions}{section.2}% 11
\BOOKMARK [2][-]{subsection.2.2}{Topology on Metric Spaces}{section.2}% 12
\BOOKMARK [2][-]{subsection.2.3}{Compactness and Bolzano-Weierstrass Theorem}{section.2}% 13
\BOOKMARK [2][-]{subsection.2.4}{Perfect Sets}{section.2}% 14
\BOOKMARK [2][-]{subsection.2.5}{Separated and Connected Sets}{section.2}% 15
\BOOKMARK [2][-]{subsection.2.6}{Baire's Theorem}{section.2}% 16
\BOOKMARK [2][-]{subsection.2.7}{The Baire Category Theorem}{section.2}% 17
\BOOKMARK [1][-]{section.3}{Sequences and Series}{}% 18
\BOOKMARK [2][-]{subsection.3.1}{The Limit of a Sequence}{section.3}% 19
\BOOKMARK [2][-]{subsection.3.2}{Series}{section.3}% 20
\BOOKMARK [1][-]{section.4}{Functional Limits and Continuity}{}% 21
\BOOKMARK [2][-]{subsection.4.1}{Functional Limits}{section.4}% 22
\BOOKMARK [2][-]{subsection.4.2}{Continuous Functions}{section.4}% 23
