\BOOKMARK [1][-]{section.1}{Preface}{}% 1
\BOOKMARK [2][-]{subsection.1.1}{Preliminary}{section.1}% 2
\BOOKMARK [1][-]{section.2}{Virtual Dice}{}% 3
\BOOKMARK [2][-]{subsection.2.1}{The Law of Large Numbers}{section.2}% 4
\BOOKMARK [2][-]{subsection.2.2}{Some examples: ``virtual dice"}{section.2}% 5
\BOOKMARK [3][-]{subsubsection.2.2.1}{A higher level of virtuality: `continuous dice' and random `real' numbers}{subsection.2.2}% 6
\BOOKMARK [3][-]{subsubsection.2.2.2}{Equality-in-distribution}{subsection.2.2}% 7
\BOOKMARK [2][-]{subsection.2.3}{Nature makes them, so can you}{section.2}% 8
\BOOKMARK [3][-]{subsubsection.2.3.1}{Exponential distribution}{subsection.2.3}% 9
\BOOKMARK [3][-]{subsubsection.2.3.2}{Consider the generalization}{subsection.2.3}% 10
\BOOKMARK [2][-]{subsection.2.4}{Expected Value}{section.2}% 11
\BOOKMARK [3][-]{subsubsection.2.4.1}{Expected Value for an Arbitrary Finite Discrete Distribution}{subsection.2.4}% 12
\BOOKMARK [3][-]{subsubsection.2.4.2}{Full generality: lebesgue-stieltjes}{subsection.2.4}% 13
\BOOKMARK [3][-]{subsubsection.2.4.3}{Examples}{subsection.2.4}% 14
\BOOKMARK [3][-]{subsubsection.2.4.4}{Expected Value for Continuous Functions}{subsection.2.4}% 15
\BOOKMARK [3][-]{subsubsection.2.4.5}{Expected Value for C1 functions}{subsection.2.4}% 16
\BOOKMARK [2][-]{subsection.2.5}{Exponential Distribution}{section.2}% 17
\BOOKMARK [2][-]{subsection.2.6}{Gamma Distribution}{section.2}% 18
\BOOKMARK [2][-]{subsection.2.7}{Continuity Revisited}{section.2}% 19
\BOOKMARK [3][-]{subsubsection.2.7.1}{Sequential Continuity of Probability}{subsection.2.7}% 20
\BOOKMARK [3][-]{subsubsection.2.7.2}{Right Continuity of Cumulative Distribution Function}{subsection.2.7}% 21
\BOOKMARK [2][-]{subsection.2.8}{Back to the Uniform}{section.2}% 22
\BOOKMARK [2][-]{subsection.2.9}{Back to the Uniform II}{section.2}% 23
\BOOKMARK [3][-]{subsubsection.2.9.1}{Percentiles}{subsection.2.9}% 24
\BOOKMARK [3][-]{subsubsection.2.9.2}{Medians}{subsection.2.9}% 25
\BOOKMARK [1][-]{section.3}{Reduction to an Axiomatic System}{}% 26
\BOOKMARK [2][-]{subsection.3.1}{The Kolmogorov Axioms}{section.3}% 27
\BOOKMARK [3][-]{subsubsection.3.1.1}{Reducing the Reduction}{subsection.3.1}% 28
\BOOKMARK [3][-]{subsubsection.3.1.2}{Recovering the Expectation Operator}{subsection.3.1}% 29
\BOOKMARK [3][-]{subsubsection.3.1.3}{Classical Random Variables}{subsection.3.1}% 30
\BOOKMARK [3][-]{subsubsection.3.1.4}{Expectation Operator}{subsection.3.1}% 31
\BOOKMARK [2][-]{subsection.3.2}{Recovering the Physics - Kolmogorov Synthesis}{section.3}% 32
\BOOKMARK [1][-]{section.4}{Geometry of Data}{}% 33
\BOOKMARK [2][-]{subsection.4.1}{The Natural Geometry of Rn}{section.4}% 34
\BOOKMARK [2][-]{subsection.4.2}{The Natural Geometry of Random Variables}{section.4}% 35
\BOOKMARK [3][-]{subsubsection.4.2.1}{Markov \046 Chebyshev}{subsection.4.2}% 36
\BOOKMARK [3][-]{subsubsection.4.2.2}{The Geometry of L2}{subsection.4.2}% 37
\BOOKMARK [2][-]{subsection.4.3}{Covariance \046 Correlation}{section.4}% 38
\BOOKMARK [2][-]{subsection.4.4}{Simple Linear Model}{section.4}% 39
\BOOKMARK [2][-]{subsection.4.5}{General Linear Model}{section.4}% 40
