\BOOKMARK [1][-]{section.1}{Experiments, Events and Sample Spaces}{}% 1
\BOOKMARK [1][-]{section.2}{Definition and Properties of Probability}{}% 2
\BOOKMARK [2][-]{subsection.2.1}{Finite Sample Spaces}{section.2}% 3
\BOOKMARK [1][-]{section.3}{Classical Equal Probability and Combinatorics}{}% 4
\BOOKMARK [1][-]{section.4}{Inclusion-Exclusion Formula}{}% 5
\BOOKMARK [1][-]{section.5}{Conditional Probability}{}% 6
\BOOKMARK [1][-]{section.6}{Independence}{}% 7
\BOOKMARK [1][-]{section.7}{Bayes Theorem}{}% 8
\BOOKMARK [1][-]{section.8}{Random Variables}{}% 9
\BOOKMARK [2][-]{subsection.8.1}{Examples of Random Variables}{section.8}% 10
\BOOKMARK [2][-]{subsection.8.2}{Cumulative Distribution Function}{section.8}% 11
\BOOKMARK [2][-]{subsection.8.3}{Multivariate Distributions}{section.8}% 12
\BOOKMARK [3][-]{subsubsection.8.3.1}{Bivariage Distributions}{subsection.8.3}% 13
\BOOKMARK [3][-]{subsubsection.8.3.2}{Marginal Distributions}{subsection.8.3}% 14
\BOOKMARK [3][-]{subsubsection.8.3.3}{Conditional Distributions}{subsection.8.3}% 15
\BOOKMARK [3][-]{subsubsection.8.3.4}{Multivariate Distributions}{subsection.8.3}% 16
\BOOKMARK [2][-]{subsection.8.4}{Functions of Random Variables}{section.8}% 17
\BOOKMARK [2][-]{subsection.8.5}{Expectation}{section.8}% 18
\BOOKMARK [2][-]{subsection.8.6}{Moments}{section.8}% 19
\BOOKMARK [1][-]{section.9}{Inequalities}{}% 20
\BOOKMARK [1][-]{section.10}{Conditional Expectation}{}% 21
\BOOKMARK [1][-]{section.11}{Probability Related Functions}{}% 22
\BOOKMARK [2][-]{subsection.11.1}{Survival Functions}{section.11}% 23
\BOOKMARK [1][-]{section.12}{Stochastic process}{}% 24
\BOOKMARK [2][-]{subsection.12.1}{Random Walk}{section.12}% 25
\BOOKMARK [2][-]{subsection.12.2}{Poisson Process}{section.12}% 26
\BOOKMARK [2][-]{subsection.12.3}{Reflection principle \(Wiener process\)}{section.12}% 27
\BOOKMARK [1][-]{section.13}{Mode of Convergence}{}% 28
\BOOKMARK [2][-]{subsection.13.1}{L1 Convergence}{section.13}% 29
\BOOKMARK [2][-]{subsection.13.2}{Almost Sure Convergence}{section.13}% 30
\BOOKMARK [2][-]{subsection.13.3}{Convergence in distribution}{section.13}% 31
\BOOKMARK [1][-]{section.14}{Law of Large Numbers}{}% 32
\BOOKMARK [1][-]{section.15}{Central Limit Theorem}{}% 33
